This file contains any messages produced by compilers while
running configure, to aid debugging if configure makes a mistake.

It was created by orgadoc configure 1.0, which was
generated by GNU Autoconf 2.69.  Invocation command line was

  $ ./configure 

## --------- ##
## Platform. ##
## --------- ##

hostname = g1bb0n
uname -m = x86_64
uname -r = 4.18.0-2-amd64
uname -s = Linux
uname -v = #1 SMP Debian 4.18.10-2 (2018-11-02)

/usr/bin/uname -p = unknown
/bin/uname -X     = unknown

/bin/arch              = x86_64
/usr/bin/arch -k       = unknown
/usr/convex/getsysinfo = unknown
/usr/bin/hostinfo      = unknown
/bin/machine           = unknown
/usr/bin/oslevel       = unknown
/bin/universe          = unknown

PATH: /usr/local/bin
PATH: /usr/bin
PATH: /bin
PATH: /usr/local/games
PATH: /usr/games


## ----------- ##
## Core tests. ##
## ----------- ##

configure:2189: checking for gcc
configure:2205: found /usr/bin/gcc
configure:2216: result: gcc
configure:2445: checking for C compiler version
configure:2454: gcc --version >&5
gcc (Debian 8.2.0-9) 8.2.0
Copyright (C) 2018 Free Software Foundation, Inc.
This is free software; see the source for copying conditions.  There is NO
warranty; not even for MERCHANTABILITY or FITNESS FOR A PARTICULAR PURPOSE.

configure:2465: $? = 0
configure:2454: gcc -v >&5
Using built-in specs.
COLLECT_GCC=gcc
COLLECT_LTO_WRAPPER=/usr/lib/gcc/x86_64-linux-gnu/8/lto-wrapper
OFFLOAD_TARGET_NAMES=nvptx-none
OFFLOAD_TARGET_DEFAULT=1
Target: x86_64-linux-gnu
Configured with: ../src/configure -v --with-pkgversion='Debian 8.2.0-9' --with-bugurl=file:///usr/share/doc/gcc-8/README.Bugs --enable-languages=c,ada,c++,go,brig,d,fortran,objc,obj-c++ --prefix=/usr --with-gcc-major-version-only --program-suffix=-8 --program-prefix=x86_64-linux-gnu- --enable-shared --enable-linker-build-id --libexecdir=/usr/lib --without-included-gettext --enable-threads=posix --libdir=/usr/lib --enable-nls --with-sysroot=/ --enable-clocale=gnu --enable-libstdcxx-debug --enable-libstdcxx-time=yes --with-default-libstdcxx-abi=new --enable-gnu-unique-object --disable-vtable-verify --enable-libmpx --enable-plugin --enable-default-pie --with-system-zlib --with-target-system-zlib --enable-objc-gc=auto --enable-multiarch --disable-werror --with-arch-32=i686 --with-abi=m64 --with-multilib-list=m32,m64,mx32 --enable-multilib --with-tune=generic --enable-offload-targets=nvptx-none --without-cuda-driver --enable-checking=release --build=x86_64-linux-gnu --host=x86_64-linux-gnu --target=x86_64-linux-gnu
Thread model: posix
gcc version 8.2.0 (Debian 8.2.0-9) 
configure:2465: $? = 0
configure:2454: gcc -V >&5
gcc: error: unrecognized command line option '-V'
gcc: fatal error: no input files
compilation terminated.
configure:2465: $? = 1
configure:2454: gcc -qversion >&5
gcc: error: unrecognized command line option '-qversion'; did you mean '--version'?
gcc: fatal error: no input files
compilation terminated.
configure:2465: $? = 1
configure:2485: checking whether the C compiler works
configure:2507: gcc    conftest.c  >&5
configure:2511: $? = 0
configure:2559: result: yes
configure:2562: checking for C compiler default output file name
configure:2564: result: a.out
configure:2570: checking for suffix of executables
configure:2577: gcc -o conftest    conftest.c  >&5
configure:2581: $? = 0
configure:2603: result: 
configure:2625: checking whether we are cross compiling
configure:2633: gcc -o conftest    conftest.c  >&5
configure:2637: $? = 0
configure:2644: ./conftest
configure:2648: $? = 0
configure:2663: result: no
configure:2668: checking for suffix of object files
configure:2690: gcc -c   conftest.c >&5
configure:2694: $? = 0
configure:2715: result: o
configure:2719: checking whether we are using the GNU C compiler
configure:2738: gcc -c   conftest.c >&5
configure:2738: $? = 0
configure:2747: result: yes
configure:2756: checking whether gcc accepts -g
configure:2776: gcc -c -g  conftest.c >&5
configure:2776: $? = 0
configure:2817: result: yes
configure:2834: checking for gcc option to accept ISO C89
configure:2897: gcc  -c -g -O2  conftest.c >&5
configure:2897: $? = 0
configure:2910: result: none needed
configure:2935: checking how to run the C preprocessor
configure:2966: gcc -E  conftest.c
configure:2966: $? = 0
configure:2980: gcc -E  conftest.c
conftest.c:9:10: fatal error: ac_nonexistent.h: No such file or directory
 #include <ac_nonexistent.h>
          ^~~~~~~~~~~~~~~~~~
compilation terminated.
configure:2980: $? = 1
configure: failed program was:
| /* confdefs.h */
| #define PACKAGE_NAME "orgadoc"
| #define PACKAGE_TARNAME "orgadoc"
| #define PACKAGE_VERSION "1.0"
| #define PACKAGE_STRING "orgadoc 1.0"
| #define PACKAGE_BUGREPORT ""
| #define PACKAGE_URL ""
| /* end confdefs.h.  */
| #include <ac_nonexistent.h>
configure:3005: result: gcc -E
configure:3025: gcc -E  conftest.c
configure:3025: $? = 0
configure:3039: gcc -E  conftest.c
conftest.c:9:10: fatal error: ac_nonexistent.h: No such file or directory
 #include <ac_nonexistent.h>
          ^~~~~~~~~~~~~~~~~~
compilation terminated.
configure:3039: $? = 1
configure: failed program was:
| /* confdefs.h */
| #define PACKAGE_NAME "orgadoc"
| #define PACKAGE_TARNAME "orgadoc"
| #define PACKAGE_VERSION "1.0"
| #define PACKAGE_STRING "orgadoc 1.0"
| #define PACKAGE_BUGREPORT ""
| #define PACKAGE_URL ""
| /* end confdefs.h.  */
| #include <ac_nonexistent.h>
configure:3067: checking whether ln -s works
configure:3071: result: yes
configure:3078: checking whether make sets $(MAKE)
configure:3100: result: yes
configure:3111: checking for library containing xmlCleanupParser
configure:3142: gcc -o conftest -g -O2   conftest.c  >&5
/usr/bin/ld: /tmp/ccfKF4uq.o: in function `main':
/home/adam/Documents/devel/test/orgadoc-master/conftest.c:20: undefined reference to `xmlCleanupParser'
collect2: error: ld returned 1 exit status
configure:3142: $? = 1
configure: failed program was:
| /* confdefs.h */
| #define PACKAGE_NAME "orgadoc"
| #define PACKAGE_TARNAME "orgadoc"
| #define PACKAGE_VERSION "1.0"
| #define PACKAGE_STRING "orgadoc 1.0"
| #define PACKAGE_BUGREPORT ""
| #define PACKAGE_URL ""
| /* end confdefs.h.  */
| 
| /* Override any GCC internal prototype to avoid an error.
|    Use char because int might match the return type of a GCC
|    builtin and then its argument prototype would still apply.  */
| #ifdef __cplusplus
| extern "C"
| #endif
| char xmlCleanupParser ();
| int
| main ()
| {
| return xmlCleanupParser ();
|   ;
|   return 0;
| }
configure:3142: gcc -o conftest -g -O2   conftest.c -lxml   >&5
/usr/bin/ld: cannot find -lxml
collect2: error: ld returned 1 exit status
configure:3142: $? = 1
configure: failed program was:
| /* confdefs.h */
| #define PACKAGE_NAME "orgadoc"
| #define PACKAGE_TARNAME "orgadoc"
| #define PACKAGE_VERSION "1.0"
| #define PACKAGE_STRING "orgadoc 1.0"
| #define PACKAGE_BUGREPORT ""
| #define PACKAGE_URL ""
| /* end confdefs.h.  */
| 
| /* Override any GCC internal prototype to avoid an error.
|    Use char because int might match the return type of a GCC
|    builtin and then its argument prototype would still apply.  */
| #ifdef __cplusplus
| extern "C"
| #endif
| char xmlCleanupParser ();
| int
| main ()
| {
| return xmlCleanupParser ();
|   ;
|   return 0;
| }
configure:3142: gcc -o conftest -g -O2   conftest.c -lxml2   >&5
configure:3142: $? = 0
configure:3159: result: -lxml2
configure:3170: checking for grep that handles long lines and -e
configure:3228: result: /usr/bin/grep
configure:3233: checking for egrep
configure:3295: result: /usr/bin/grep -E
configure:3300: checking for ANSI C header files
configure:3320: gcc -c -g -O2  conftest.c >&5
configure:3320: $? = 0
configure:3393: gcc -o conftest -g -O2   conftest.c -lxml2  >&5
configure:3393: $? = 0
configure:3393: ./conftest
configure:3393: $? = 0
configure:3404: result: yes
configure:3417: checking for sys/types.h
configure:3417: gcc -c -g -O2  conftest.c >&5
configure:3417: $? = 0
configure:3417: result: yes
configure:3417: checking for sys/stat.h
configure:3417: gcc -c -g -O2  conftest.c >&5
configure:3417: $? = 0
configure:3417: result: yes
configure:3417: checking for stdlib.h
configure:3417: gcc -c -g -O2  conftest.c >&5
configure:3417: $? = 0
configure:3417: result: yes
configure:3417: checking for string.h
configure:3417: gcc -c -g -O2  conftest.c >&5
configure:3417: $? = 0
configure:3417: result: yes
configure:3417: checking for memory.h
configure:3417: gcc -c -g -O2  conftest.c >&5
configure:3417: $? = 0
configure:3417: result: yes
configure:3417: checking for strings.h
configure:3417: gcc -c -g -O2  conftest.c >&5
configure:3417: $? = 0
configure:3417: result: yes
configure:3417: checking for inttypes.h
configure:3417: gcc -c -g -O2  conftest.c >&5
configure:3417: $? = 0
configure:3417: result: yes
configure:3417: checking for stdint.h
configure:3417: gcc -c -g -O2  conftest.c >&5
configure:3417: $? = 0
configure:3417: result: yes
configure:3417: checking for unistd.h
configure:3417: gcc -c -g -O2  conftest.c >&5
configure:3417: $? = 0
configure:3417: result: yes
configure:3432: checking stdio.h usability
configure:3432: gcc -c -g -O2  conftest.c >&5
configure:3432: $? = 0
configure:3432: result: yes
configure:3432: checking stdio.h presence
configure:3432: gcc -E  conftest.c
configure:3432: $? = 0
configure:3432: result: yes
configure:3432: checking for stdio.h
configure:3432: result: yes
configure:3432: checking for stdlib.h
configure:3432: result: yes
configure:3432: checking getopt.h usability
configure:3432: gcc -c -g -O2  conftest.c >&5
configure:3432: $? = 0
configure:3432: result: yes
configure:3432: checking getopt.h presence
configure:3432: gcc -E  conftest.c
configure:3432: $? = 0
configure:3432: result: yes
configure:3432: checking for getopt.h
configure:3432: result: yes
configure:3432: checking for string.h
configure:3432: result: yes
configure:3432: checking libxml/parser.h usability
configure:3432: gcc -c -g -O2  conftest.c >&5
conftest.c:56:10: fatal error: libxml/parser.h: No such file or directory
 #include <libxml/parser.h>
          ^~~~~~~~~~~~~~~~~
compilation terminated.
configure:3432: $? = 1
configure: failed program was:
| /* confdefs.h */
| #define PACKAGE_NAME "orgadoc"
| #define PACKAGE_TARNAME "orgadoc"
| #define PACKAGE_VERSION "1.0"
| #define PACKAGE_STRING "orgadoc 1.0"
| #define PACKAGE_BUGREPORT ""
| #define PACKAGE_URL ""
| #define STDC_HEADERS 1
| #define HAVE_SYS_TYPES_H 1
| #define HAVE_SYS_STAT_H 1
| #define HAVE_STDLIB_H 1
| #define HAVE_STRING_H 1
| #define HAVE_MEMORY_H 1
| #define HAVE_STRINGS_H 1
| #define HAVE_INTTYPES_H 1
| #define HAVE_STDINT_H 1
| #define HAVE_UNISTD_H 1
| #define HAVE_STDIO_H 1
| #define HAVE_STDLIB_H 1
| #define HAVE_GETOPT_H 1
| #define HAVE_STRING_H 1
| /* end confdefs.h.  */
| #include <stdio.h>
| #ifdef HAVE_SYS_TYPES_H
| # include <sys/types.h>
| #endif
| #ifdef HAVE_SYS_STAT_H
| # include <sys/stat.h>
| #endif
| #ifdef STDC_HEADERS
| # include <stdlib.h>
| # include <stddef.h>
| #else
| # ifdef HAVE_STDLIB_H
| #  include <stdlib.h>
| # endif
| #endif
| #ifdef HAVE_STRING_H
| # if !defined STDC_HEADERS && defined HAVE_MEMORY_H
| #  include <memory.h>
| # endif
| # include <string.h>
| #endif
| #ifdef HAVE_STRINGS_H
| # include <strings.h>
| #endif
| #ifdef HAVE_INTTYPES_H
| # include <inttypes.h>
| #endif
| #ifdef HAVE_STDINT_H
| # include <stdint.h>
| #endif
| #ifdef HAVE_UNISTD_H
| # include <unistd.h>
| #endif
| #include <libxml/parser.h>
configure:3432: result: no
configure:3432: checking libxml/parser.h presence
configure:3432: gcc -E  conftest.c
conftest.c:23:10: fatal error: libxml/parser.h: No such file or directory
 #include <libxml/parser.h>
          ^~~~~~~~~~~~~~~~~
compilation terminated.
configure:3432: $? = 1
configure: failed program was:
| /* confdefs.h */
| #define PACKAGE_NAME "orgadoc"
| #define PACKAGE_TARNAME "orgadoc"
| #define PACKAGE_VERSION "1.0"
| #define PACKAGE_STRING "orgadoc 1.0"
| #define PACKAGE_BUGREPORT ""
| #define PACKAGE_URL ""
| #define STDC_HEADERS 1
| #define HAVE_SYS_TYPES_H 1
| #define HAVE_SYS_STAT_H 1
| #define HAVE_STDLIB_H 1
| #define HAVE_STRING_H 1
| #define HAVE_MEMORY_H 1
| #define HAVE_STRINGS_H 1
| #define HAVE_INTTYPES_H 1
| #define HAVE_STDINT_H 1
| #define HAVE_UNISTD_H 1
| #define HAVE_STDIO_H 1
| #define HAVE_STDLIB_H 1
| #define HAVE_GETOPT_H 1
| #define HAVE_STRING_H 1
| /* end confdefs.h.  */
| #include <libxml/parser.h>
configure:3432: result: no
configure:3432: checking for libxml/parser.h
configure:3432: result: no
configure:3444: checking for an ANSI C-conforming const
configure:3510: gcc -c -g -O2  conftest.c >&5
configure:3510: $? = 0
configure:3517: result: yes
configure:3525: checking for size_t
configure:3525: gcc -c -g -O2  conftest.c >&5
configure:3525: $? = 0
configure:3525: gcc -c -g -O2  conftest.c >&5
conftest.c: In function 'main':
conftest.c:59:21: error: expected expression before ')' token
 if (sizeof ((size_t)))
                     ^
configure:3525: $? = 1
configure: failed program was:
| /* confdefs.h */
| #define PACKAGE_NAME "orgadoc"
| #define PACKAGE_TARNAME "orgadoc"
| #define PACKAGE_VERSION "1.0"
| #define PACKAGE_STRING "orgadoc 1.0"
| #define PACKAGE_BUGREPORT ""
| #define PACKAGE_URL ""
| #define STDC_HEADERS 1
| #define HAVE_SYS_TYPES_H 1
| #define HAVE_SYS_STAT_H 1
| #define HAVE_STDLIB_H 1
| #define HAVE_STRING_H 1
| #define HAVE_MEMORY_H 1
| #define HAVE_STRINGS_H 1
| #define HAVE_INTTYPES_H 1
| #define HAVE_STDINT_H 1
| #define HAVE_UNISTD_H 1
| #define HAVE_STDIO_H 1
| #define HAVE_STDLIB_H 1
| #define HAVE_GETOPT_H 1
| #define HAVE_STRING_H 1
| /* end confdefs.h.  */
| #include <stdio.h>
| #ifdef HAVE_SYS_TYPES_H
| # include <sys/types.h>
| #endif
| #ifdef HAVE_SYS_STAT_H
| # include <sys/stat.h>
| #endif
| #ifdef STDC_HEADERS
| # include <stdlib.h>
| # include <stddef.h>
| #else
| # ifdef HAVE_STDLIB_H
| #  include <stdlib.h>
| # endif
| #endif
| #ifdef HAVE_STRING_H
| # if !defined STDC_HEADERS && defined HAVE_MEMORY_H
| #  include <memory.h>
| # endif
| # include <string.h>
| #endif
| #ifdef HAVE_STRINGS_H
| # include <strings.h>
| #endif
| #ifdef HAVE_INTTYPES_H
| # include <inttypes.h>
| #endif
| #ifdef HAVE_STDINT_H
| # include <stdint.h>
| #endif
| #ifdef HAVE_UNISTD_H
| # include <unistd.h>
| #endif
| int
| main ()
| {
| if (sizeof ((size_t)))
| 	    return 0;
|   ;
|   return 0;
| }
configure:3525: result: yes
configure:3538: checking for pid_t
configure:3538: gcc -c -g -O2  conftest.c >&5
configure:3538: $? = 0
configure:3538: gcc -c -g -O2  conftest.c >&5
conftest.c: In function 'main':
conftest.c:59:20: error: expected expression before ')' token
 if (sizeof ((pid_t)))
                    ^
configure:3538: $? = 1
configure: failed program was:
| /* confdefs.h */
| #define PACKAGE_NAME "orgadoc"
| #define PACKAGE_TARNAME "orgadoc"
| #define PACKAGE_VERSION "1.0"
| #define PACKAGE_STRING "orgadoc 1.0"
| #define PACKAGE_BUGREPORT ""
| #define PACKAGE_URL ""
| #define STDC_HEADERS 1
| #define HAVE_SYS_TYPES_H 1
| #define HAVE_SYS_STAT_H 1
| #define HAVE_STDLIB_H 1
| #define HAVE_STRING_H 1
| #define HAVE_MEMORY_H 1
| #define HAVE_STRINGS_H 1
| #define HAVE_INTTYPES_H 1
| #define HAVE_STDINT_H 1
| #define HAVE_UNISTD_H 1
| #define HAVE_STDIO_H 1
| #define HAVE_STDLIB_H 1
| #define HAVE_GETOPT_H 1
| #define HAVE_STRING_H 1
| /* end confdefs.h.  */
| #include <stdio.h>
| #ifdef HAVE_SYS_TYPES_H
| # include <sys/types.h>
| #endif
| #ifdef HAVE_SYS_STAT_H
| # include <sys/stat.h>
| #endif
| #ifdef STDC_HEADERS
| # include <stdlib.h>
| # include <stddef.h>
| #else
| # ifdef HAVE_STDLIB_H
| #  include <stdlib.h>
| # endif
| #endif
| #ifdef HAVE_STRING_H
| # if !defined STDC_HEADERS && defined HAVE_MEMORY_H
| #  include <memory.h>
| # endif
| # include <string.h>
| #endif
| #ifdef HAVE_STRINGS_H
| # include <strings.h>
| #endif
| #ifdef HAVE_INTTYPES_H
| # include <inttypes.h>
| #endif
| #ifdef HAVE_STDINT_H
| # include <stdint.h>
| #endif
| #ifdef HAVE_UNISTD_H
| # include <unistd.h>
| #endif
| int
| main ()
| {
| if (sizeof ((pid_t)))
| 	    return 0;
|   ;
|   return 0;
| }
configure:3538: result: yes
configure:3551: checking vfork.h usability
configure:3551: gcc -c -g -O2  conftest.c >&5
conftest.c:56:10: fatal error: vfork.h: No such file or directory
 #include <vfork.h>
          ^~~~~~~~~
compilation terminated.
configure:3551: $? = 1
configure: failed program was:
| /* confdefs.h */
| #define PACKAGE_NAME "orgadoc"
| #define PACKAGE_TARNAME "orgadoc"
| #define PACKAGE_VERSION "1.0"
| #define PACKAGE_STRING "orgadoc 1.0"
| #define PACKAGE_BUGREPORT ""
| #define PACKAGE_URL ""
| #define STDC_HEADERS 1
| #define HAVE_SYS_TYPES_H 1
| #define HAVE_SYS_STAT_H 1
| #define HAVE_STDLIB_H 1
| #define HAVE_STRING_H 1
| #define HAVE_MEMORY_H 1
| #define HAVE_STRINGS_H 1
| #define HAVE_INTTYPES_H 1
| #define HAVE_STDINT_H 1
| #define HAVE_UNISTD_H 1
| #define HAVE_STDIO_H 1
| #define HAVE_STDLIB_H 1
| #define HAVE_GETOPT_H 1
| #define HAVE_STRING_H 1
| /* end confdefs.h.  */
| #include <stdio.h>
| #ifdef HAVE_SYS_TYPES_H
| # include <sys/types.h>
| #endif
| #ifdef HAVE_SYS_STAT_H
| # include <sys/stat.h>
| #endif
| #ifdef STDC_HEADERS
| # include <stdlib.h>
| # include <stddef.h>
| #else
| # ifdef HAVE_STDLIB_H
| #  include <stdlib.h>
| # endif
| #endif
| #ifdef HAVE_STRING_H
| # if !defined STDC_HEADERS && defined HAVE_MEMORY_H
| #  include <memory.h>
| # endif
| # include <string.h>
| #endif
| #ifdef HAVE_STRINGS_H
| # include <strings.h>
| #endif
| #ifdef HAVE_INTTYPES_H
| # include <inttypes.h>
| #endif
| #ifdef HAVE_STDINT_H
| # include <stdint.h>
| #endif
| #ifdef HAVE_UNISTD_H
| # include <unistd.h>
| #endif
| #include <vfork.h>
configure:3551: result: no
configure:3551: checking vfork.h presence
configure:3551: gcc -E  conftest.c
conftest.c:23:10: fatal error: vfork.h: No such file or directory
 #include <vfork.h>
          ^~~~~~~~~
compilation terminated.
configure:3551: $? = 1
configure: failed program was:
| /* confdefs.h */
| #define PACKAGE_NAME "orgadoc"
| #define PACKAGE_TARNAME "orgadoc"
| #define PACKAGE_VERSION "1.0"
| #define PACKAGE_STRING "orgadoc 1.0"
| #define PACKAGE_BUGREPORT ""
| #define PACKAGE_URL ""
| #define STDC_HEADERS 1
| #define HAVE_SYS_TYPES_H 1
| #define HAVE_SYS_STAT_H 1
| #define HAVE_STDLIB_H 1
| #define HAVE_STRING_H 1
| #define HAVE_MEMORY_H 1
| #define HAVE_STRINGS_H 1
| #define HAVE_INTTYPES_H 1
| #define HAVE_STDINT_H 1
| #define HAVE_UNISTD_H 1
| #define HAVE_STDIO_H 1
| #define HAVE_STDLIB_H 1
| #define HAVE_GETOPT_H 1
| #define HAVE_STRING_H 1
| /* end confdefs.h.  */
| #include <vfork.h>
configure:3551: result: no
configure:3551: checking for vfork.h
configure:3551: result: no
configure:3564: checking for fork
configure:3564: gcc -o conftest -g -O2   conftest.c -lxml2  >&5
conftest.c:46:6: warning: conflicting types for built-in function 'fork' [-Wbuiltin-declaration-mismatch]
 char fork ();
      ^~~~
configure:3564: $? = 0
configure:3564: result: yes
configure:3564: checking for vfork
configure:3564: gcc -o conftest -g -O2   conftest.c -lxml2  >&5
configure:3564: $? = 0
configure:3564: result: yes
configure:3574: checking for working fork
configure:3596: gcc -o conftest -g -O2   conftest.c -lxml2  >&5
configure:3596: $? = 0
configure:3596: ./conftest
configure:3596: $? = 0
configure:3606: result: yes
configure:3627: checking for working vfork
configure:3737: result: yes
configure:3762: checking whether getpgrp requires zero arguments
configure:3779: gcc -c -g -O2  conftest.c >&5
conftest.c: In function 'main':
conftest.c:63:1: error: too many arguments to function 'getpgrp'
 getpgrp (0);
 ^~~~~~~
In file included from conftest.c:58:
/usr/include/unistd.h:637:16: note: declared here
 extern __pid_t getpgrp (void) __THROW;
                ^~~~~~~
configure:3779: $? = 1
configure: failed program was:
| /* confdefs.h */
| #define PACKAGE_NAME "orgadoc"
| #define PACKAGE_TARNAME "orgadoc"
| #define PACKAGE_VERSION "1.0"
| #define PACKAGE_STRING "orgadoc 1.0"
| #define PACKAGE_BUGREPORT ""
| #define PACKAGE_URL ""
| #define STDC_HEADERS 1
| #define HAVE_SYS_TYPES_H 1
| #define HAVE_SYS_STAT_H 1
| #define HAVE_STDLIB_H 1
| #define HAVE_STRING_H 1
| #define HAVE_MEMORY_H 1
| #define HAVE_STRINGS_H 1
| #define HAVE_INTTYPES_H 1
| #define HAVE_STDINT_H 1
| #define HAVE_UNISTD_H 1
| #define HAVE_STDIO_H 1
| #define HAVE_STDLIB_H 1
| #define HAVE_GETOPT_H 1
| #define HAVE_STRING_H 1
| #define HAVE_FORK 1
| #define HAVE_VFORK 1
| #define HAVE_WORKING_VFORK 1
| #define HAVE_WORKING_FORK 1
| /* end confdefs.h.  */
| #include <stdio.h>
| #ifdef HAVE_SYS_TYPES_H
| # include <sys/types.h>
| #endif
| #ifdef HAVE_SYS_STAT_H
| # include <sys/stat.h>
| #endif
| #ifdef STDC_HEADERS
| # include <stdlib.h>
| # include <stddef.h>
| #else
| # ifdef HAVE_STDLIB_H
| #  include <stdlib.h>
| # endif
| #endif
| #ifdef HAVE_STRING_H
| # if !defined STDC_HEADERS && defined HAVE_MEMORY_H
| #  include <memory.h>
| # endif
| # include <string.h>
| #endif
| #ifdef HAVE_STRINGS_H
| # include <strings.h>
| #endif
| #ifdef HAVE_INTTYPES_H
| # include <inttypes.h>
| #endif
| #ifdef HAVE_STDINT_H
| # include <stdint.h>
| #endif
| #ifdef HAVE_UNISTD_H
| # include <unistd.h>
| #endif
| int
| main ()
| {
| getpgrp (0);
|   ;
|   return 0;
| }
configure:3787: result: yes
configure:3796: checking whether gcc needs -traditional
configure:3830: result: no
configure:3839: checking for stdlib.h
configure:3839: result: yes
configure:3849: checking for GNU libc compatible malloc
configure:3873: gcc -o conftest -g -O2   conftest.c -lxml2  >&5
configure:3873: $? = 0
configure:3873: ./conftest
configure:3873: $? = 0
configure:3883: result: yes
configure:3906: checking for stdlib.h
configure:3906: result: yes
configure:3916: checking for GNU libc compatible realloc
configure:3940: gcc -o conftest -g -O2   conftest.c -lxml2  >&5
configure:3940: $? = 0
configure:3940: ./conftest
configure:3940: $? = 0
configure:3950: result: yes
configure:3971: checking whether setpgrp takes no argument
configure:3993: gcc -o conftest -g -O2   conftest.c -lxml2  >&5
conftest.c: In function 'main':
conftest.c:71:10: error: too many arguments to function 'setpgrp'
   return setpgrp (1,1) != -1;
          ^~~~~~~
In file included from conftest.c:63:
/usr/include/unistd.h:663:12: note: declared here
 extern int setpgrp (void) __THROW;
            ^~~~~~~
configure:3993: $? = 1
configure: program exited with status 1
configure: failed program was:
| /* confdefs.h */
| #define PACKAGE_NAME "orgadoc"
| #define PACKAGE_TARNAME "orgadoc"
| #define PACKAGE_VERSION "1.0"
| #define PACKAGE_STRING "orgadoc 1.0"
| #define PACKAGE_BUGREPORT ""
| #define PACKAGE_URL ""
| #define STDC_HEADERS 1
| #define HAVE_SYS_TYPES_H 1
| #define HAVE_SYS_STAT_H 1
| #define HAVE_STDLIB_H 1
| #define HAVE_STRING_H 1
| #define HAVE_MEMORY_H 1
| #define HAVE_STRINGS_H 1
| #define HAVE_INTTYPES_H 1
| #define HAVE_STDINT_H 1
| #define HAVE_UNISTD_H 1
| #define HAVE_STDIO_H 1
| #define HAVE_STDLIB_H 1
| #define HAVE_GETOPT_H 1
| #define HAVE_STRING_H 1
| #define HAVE_FORK 1
| #define HAVE_VFORK 1
| #define HAVE_WORKING_VFORK 1
| #define HAVE_WORKING_FORK 1
| #define GETPGRP_VOID 1
| #define HAVE_STDLIB_H 1
| #define HAVE_MALLOC 1
| #define HAVE_STDLIB_H 1
| #define HAVE_REALLOC 1
| /* end confdefs.h.  */
| #include <stdio.h>
| #ifdef HAVE_SYS_TYPES_H
| # include <sys/types.h>
| #endif
| #ifdef HAVE_SYS_STAT_H
| # include <sys/stat.h>
| #endif
| #ifdef STDC_HEADERS
| # include <stdlib.h>
| # include <stddef.h>
| #else
| # ifdef HAVE_STDLIB_H
| #  include <stdlib.h>
| # endif
| #endif
| #ifdef HAVE_STRING_H
| # if !defined STDC_HEADERS && defined HAVE_MEMORY_H
| #  include <memory.h>
| # endif
| # include <string.h>
| #endif
| #ifdef HAVE_STRINGS_H
| # include <strings.h>
| #endif
| #ifdef HAVE_INTTYPES_H
| # include <inttypes.h>
| #endif
| #ifdef HAVE_STDINT_H
| # include <stdint.h>
| #endif
| #ifdef HAVE_UNISTD_H
| # include <unistd.h>
| #endif
| int
| main ()
| {
| /* If this system has a BSD-style setpgrp which takes arguments,
|   setpgrp(1, 1) will fail with ESRCH and return -1, in that case
|   exit successfully. */
|   return setpgrp (1,1) != -1;
|   ;
|   return 0;
| }
configure:4003: result: yes
configure:4011: checking return type of signal handlers
configure:4029: gcc -c -g -O2  conftest.c >&5
conftest.c: In function 'main':
conftest.c:39:10: error: void value not ignored as it ought to be
 return *(signal (0, 0)) (0) == 1;
         ~^~~~~~~~~~~~~~~~~~
configure:4029: $? = 1
configure: failed program was:
| /* confdefs.h */
| #define PACKAGE_NAME "orgadoc"
| #define PACKAGE_TARNAME "orgadoc"
| #define PACKAGE_VERSION "1.0"
| #define PACKAGE_STRING "orgadoc 1.0"
| #define PACKAGE_BUGREPORT ""
| #define PACKAGE_URL ""
| #define STDC_HEADERS 1
| #define HAVE_SYS_TYPES_H 1
| #define HAVE_SYS_STAT_H 1
| #define HAVE_STDLIB_H 1
| #define HAVE_STRING_H 1
| #define HAVE_MEMORY_H 1
| #define HAVE_STRINGS_H 1
| #define HAVE_INTTYPES_H 1
| #define HAVE_STDINT_H 1
| #define HAVE_UNISTD_H 1
| #define HAVE_STDIO_H 1
| #define HAVE_STDLIB_H 1
| #define HAVE_GETOPT_H 1
| #define HAVE_STRING_H 1
| #define HAVE_FORK 1
| #define HAVE_VFORK 1
| #define HAVE_WORKING_VFORK 1
| #define HAVE_WORKING_FORK 1
| #define GETPGRP_VOID 1
| #define HAVE_STDLIB_H 1
| #define HAVE_MALLOC 1
| #define HAVE_STDLIB_H 1
| #define HAVE_REALLOC 1
| #define SETPGRP_VOID 1
| /* end confdefs.h.  */
| #include <sys/types.h>
| #include <signal.h>
| 
| int
| main ()
| {
| return *(signal (0, 0)) (0) == 1;
|   ;
|   return 0;
| }
configure:4036: result: void
configure:4047: checking for ftime
configure:4047: gcc -o conftest -g -O2   conftest.c -lxml2  >&5
configure:4047: $? = 0
configure:4047: result: yes
configure:4047: checking for strcspn
configure:4047: gcc -o conftest -g -O2   conftest.c -lxml2  >&5
conftest.c:58:6: warning: conflicting types for built-in function 'strcspn' [-Wbuiltin-declaration-mismatch]
 char strcspn ();
      ^~~~~~~
configure:4047: $? = 0
configure:4047: result: yes
configure:4047: checking for random
configure:4047: gcc -o conftest -g -O2   conftest.c -lxml2  >&5
configure:4047: $? = 0
configure:4047: result: yes
configure:4047: checking for drand48
configure:4047: gcc -o conftest -g -O2   conftest.c -lxml2  >&5
configure:4047: $? = 0
configure:4047: result: yes
configure:4047: checking for setitimer
configure:4047: gcc -o conftest -g -O2   conftest.c -lxml2  >&5
configure:4047: $? = 0
configure:4047: result: yes
configure:4188: creating ./config.status

## ---------------------- ##
## Running config.status. ##
## ---------------------- ##

This file was extended by orgadoc config.status 1.0, which was
generated by GNU Autoconf 2.69.  Invocation command line was

  CONFIG_FILES    = 
  CONFIG_HEADERS  = 
  CONFIG_LINKS    = 
  CONFIG_COMMANDS = 
  $ ./config.status 

on g1bb0n

config.status:823: creating Makefile
config.status:823: creating src/Makefile
config.status:823: creating utils/Makefile
config.status:823: creating docs/Makefile
config.status:823: creating src/config.h

## ---------------- ##
## Cache variables. ##
## ---------------- ##

ac_cv_c_compiler_gnu=yes
ac_cv_c_const=yes
ac_cv_env_CC_set=
ac_cv_env_CC_value=
ac_cv_env_CFLAGS_set=
ac_cv_env_CFLAGS_value=
ac_cv_env_CPPFLAGS_set=
ac_cv_env_CPPFLAGS_value=
ac_cv_env_CPP_set=
ac_cv_env_CPP_value=
ac_cv_env_LDFLAGS_set=
ac_cv_env_LDFLAGS_value=
ac_cv_env_LIBS_set=
ac_cv_env_LIBS_value=
ac_cv_env_build_alias_set=
ac_cv_env_build_alias_value=
ac_cv_env_host_alias_set=
ac_cv_env_host_alias_value=
ac_cv_env_target_alias_set=
ac_cv_env_target_alias_value=
ac_cv_func_drand48=yes
ac_cv_func_fork=yes
ac_cv_func_fork_works=yes
ac_cv_func_ftime=yes
ac_cv_func_getpgrp_void=yes
ac_cv_func_malloc_0_nonnull=yes
ac_cv_func_random=yes
ac_cv_func_realloc_0_nonnull=yes
ac_cv_func_setitimer=yes
ac_cv_func_setpgrp_void=yes
ac_cv_func_strcspn=yes
ac_cv_func_vfork=yes
ac_cv_func_vfork_works=yes
ac_cv_header_getopt_h=yes
ac_cv_header_inttypes_h=yes
ac_cv_header_libxml_parser_h=no
ac_cv_header_memory_h=yes
ac_cv_header_stdc=yes
ac_cv_header_stdint_h=yes
ac_cv_header_stdio_h=yes
ac_cv_header_stdlib_h=yes
ac_cv_header_string_h=yes
ac_cv_header_strings_h=yes
ac_cv_header_sys_stat_h=yes
ac_cv_header_sys_types_h=yes
ac_cv_header_unistd_h=yes
ac_cv_header_vfork_h=no
ac_cv_objext=o
ac_cv_path_EGREP='/usr/bin/grep -E'
ac_cv_path_GREP=/usr/bin/grep
ac_cv_prog_CPP='gcc -E'
ac_cv_prog_ac_ct_CC=gcc
ac_cv_prog_cc_c89=
ac_cv_prog_cc_g=yes
ac_cv_prog_gcc_traditional=no
ac_cv_prog_make_make_set=yes
ac_cv_search_xmlCleanupParser=-lxml2
ac_cv_type_pid_t=yes
ac_cv_type_signal=void
ac_cv_type_size_t=yes

## ----------------- ##
## Output variables. ##
## ----------------- ##

CC='gcc'
CFLAGS='-g -O2'
CPP='gcc -E'
CPPFLAGS=''
DEFS='-DHAVE_CONFIG_H'
ECHO_C=''
ECHO_N='-n'
ECHO_T=''
EGREP='/usr/bin/grep -E'
EXEEXT=''
GREP='/usr/bin/grep'
LDFLAGS=''
LIBOBJS=''
LIBS='-lxml2 '
LN_S='ln -s'
LTLIBOBJS=''
OBJEXT='o'
PACKAGE_BUGREPORT=''
PACKAGE_NAME='orgadoc'
PACKAGE_STRING='orgadoc 1.0'
PACKAGE_TARNAME='orgadoc'
PACKAGE_URL=''
PACKAGE_VERSION='1.0'
PATH_SEPARATOR=':'
SET_MAKE=''
SHELL='/bin/bash'
TERMLIBS=''
ac_ct_CC='gcc'
bindir='${exec_prefix}/bin'
build_alias=''
datadir='${datarootdir}'
datarootdir='${prefix}/share'
docdir='${datarootdir}/doc/${PACKAGE_TARNAME}'
dvidir='${docdir}'
exec_prefix='${prefix}'
host_alias=''
htmldir='${docdir}'
includedir='${prefix}/include'
infodir='${datarootdir}/info'
libdir='${exec_prefix}/lib'
libexecdir='${exec_prefix}/libexec'
localedir='${datarootdir}/locale'
localstatedir='${prefix}/var'
mandir='${datarootdir}/man'
oldincludedir='/usr/include'
pdfdir='${docdir}'
prefix='/usr/local'
program_transform_name='s,x,x,'
psdir='${docdir}'
sbindir='${exec_prefix}/sbin'
sharedstatedir='${prefix}/com'
sysconfdir='${prefix}/etc'
target_alias=''

## ----------- ##
## confdefs.h. ##
## ----------- ##

/* confdefs.h */
#define PACKAGE_NAME "orgadoc"
#define PACKAGE_TARNAME "orgadoc"
#define PACKAGE_VERSION "1.0"
#define PACKAGE_STRING "orgadoc 1.0"
#define PACKAGE_BUGREPORT ""
#define PACKAGE_URL ""
#define STDC_HEADERS 1
#define HAVE_SYS_TYPES_H 1
#define HAVE_SYS_STAT_H 1
#define HAVE_STDLIB_H 1
#define HAVE_STRING_H 1
#define HAVE_MEMORY_H 1
#define HAVE_STRINGS_H 1
#define HAVE_INTTYPES_H 1
#define HAVE_STDINT_H 1
#define HAVE_UNISTD_H 1
#define HAVE_STDIO_H 1
#define HAVE_STDLIB_H 1
#define HAVE_GETOPT_H 1
#define HAVE_STRING_H 1
#define HAVE_FORK 1
#define HAVE_VFORK 1
#define HAVE_WORKING_VFORK 1
#define HAVE_WORKING_FORK 1
#define GETPGRP_VOID 1
#define HAVE_STDLIB_H 1
#define HAVE_MALLOC 1
#define HAVE_STDLIB_H 1
#define HAVE_REALLOC 1
#define SETPGRP_VOID 1
#define RETSIGTYPE void
#define HAVE_FTIME 1
#define HAVE_STRCSPN 1
#define HAVE_RANDOM 1
#define HAVE_DRAND48 1
#define HAVE_SETITIMER 1

configure: exit 0
